<?xml version="1.0" encoding="UTF-8"?>
<testng-results skipped="0" failed="0" ignored="0" total="2" passed="2">
  <reporter-output>
  </reporter-output>
  <suite name="Suite" duration-ms="65773" started-at="2018-02-04T05:19:00Z" finished-at="2018-02-04T05:20:06Z">
    <groups>
    </groups>
    <test name="Test" duration-ms="65773" started-at="2018-02-04T05:19:00Z" finished-at="2018-02-04T05:20:06Z">
      <class name="scripts.TestValidLogin">
        <test-method status="PASS" signature="openApplication()[pri:0, instance:scripts.TestValidLogin@3cd3e762]" name="openApplication" is-config="true" duration-ms="9347" started-at="2018-02-04T10:49:54Z" finished-at="2018-02-04T10:50:03Z">
          <reporter-output>
          </reporter-output>
        </test-method> <!-- openApplication -->
        <test-method status="PASS" signature="testValidLogin()[pri:0, instance:scripts.TestValidLogin@3cd3e762]" name="testValidLogin" duration-ms="2851" started-at="2018-02-04T10:50:03Z" finished-at="2018-02-04T10:50:06Z">
          <reporter-output>
          </reporter-output>
        </test-method> <!-- testValidLogin -->
        <test-method status="PASS" signature="closeApplication()[pri:0, instance:scripts.TestValidLogin@3cd3e762]" name="closeApplication" is-config="true" duration-ms="427" started-at="2018-02-04T10:50:06Z" finished-at="2018-02-04T10:50:06Z">
          <reporter-output>
          </reporter-output>
        </test-method> <!-- closeApplication -->
      </class> <!-- scripts.TestValidLogin -->
      <class name="scripts.TestInvalidLogin">
        <test-method status="PASS" signature="openApplication()[pri:0, instance:scripts.TestInvalidLogin@3b0090a4]" name="openApplication" is-config="true" duration-ms="28751" started-at="2018-02-04T10:49:00Z" finished-at="2018-02-04T10:49:29Z">
          <reporter-output>
          </reporter-output>
        </test-method> <!-- openApplication -->
        <test-method status="PASS" signature="testInValidLogin()[pri:0, instance:scripts.TestInvalidLogin@3b0090a4]" name="testInValidLogin" duration-ms="23736" started-at="2018-02-04T10:49:29Z" finished-at="2018-02-04T10:49:53Z">
          <reporter-output>
          </reporter-output>
        </test-method> <!-- testInValidLogin -->
        <test-method status="PASS" signature="closeApplication()[pri:0, instance:scripts.TestInvalidLogin@3b0090a4]" name="closeApplication" is-config="true" duration-ms="593" started-at="2018-02-04T10:49:53Z" finished-at="2018-02-04T10:49:54Z">
          <reporter-output>
          </reporter-output>
        </test-method> <!-- closeApplication -->
      </class> <!-- scripts.TestInvalidLogin -->
    </test> <!-- Test -->
  </suite> <!-- Suite -->
</testng-results>
